[debug] [2018-07-25T15:20:02.000Z] ----------------------------------------------------------------------
[debug] [2018-07-25T15:20:02.002Z] Command:       /usr/local/bin/node /usr/local/bin/firebase deploy
[debug] [2018-07-25T15:20:02.002Z] CLI Version:   3.18.6
[debug] [2018-07-25T15:20:02.002Z] Platform:      linux
[debug] [2018-07-25T15:20:02.002Z] Node Version:  v9.8.0
[debug] [2018-07-25T15:20:02.002Z] Time:          Wed Jul 25 2018 10:20:02 GMT-0500 (CDT)
[debug] [2018-07-25T15:20:02.002Z] ----------------------------------------------------------------------
[debug] 
[debug] [2018-07-25T15:20:02.014Z] > command requires scopes: ["email","openid","https://www.googleapis.com/auth/cloudplatformprojects.readonly","https://www.googleapis.com/auth/firebase","https://www.googleapis.com/auth/cloud-platform"]
[debug] [2018-07-25T15:20:02.014Z] > authorizing via signed-in user
[debug] [2018-07-25T15:20:02.016Z] > refreshing access token with scopes: ["email","https://www.googleapis.com/auth/cloud-platform","https://www.googleapis.com/auth/cloudplatformprojects.readonly","https://www.googleapis.com/auth/firebase","openid"]
[debug] [2018-07-25T15:20:02.017Z] >>> HTTP REQUEST POST https://www.googleapis.com/oauth2/v3/token  
 { refresh_token: '1/R0WF1F6m_lQAsZn0p_8VAx18Tpjl20rfMzzRlZvSK6I',
  client_id: '563584335869-fgrhgmd47bqnekij5i8b5pr03ho849e6.apps.googleusercontent.com',
  client_secret: 'j9iVZfS8kkCEFUPaAeJV0sAi',
  grant_type: 'refresh_token',
  scope: 'email https://www.googleapis.com/auth/cloud-platform https://www.googleapis.com/auth/cloudplatformprojects.readonly https://www.googleapis.com/auth/firebase openid' } 
 Wed Jul 25 2018 10:20:02 GMT-0500 (CDT)
[debug] [2018-07-25T15:20:02.296Z] <<< HTTP RESPONSE 200
[debug] [2018-07-25T15:20:02.305Z] >>> HTTP REQUEST GET https://admin.firebase.com/v1/projects/nicholas-fray  
  
 Wed Jul 25 2018 10:20:02 GMT-0500 (CDT)
[debug] [2018-07-25T15:20:02.611Z] <<< HTTP RESPONSE 200
[debug] [2018-07-25T15:20:02.613Z] >>> HTTP REQUEST GET https://admin.firebase.com/v1/database/nicholas-fray/tokens  
  
 Wed Jul 25 2018 10:20:02 GMT-0500 (CDT)
[debug] [2018-07-25T15:20:02.990Z] <<< HTTP RESPONSE 200
[info] 
[info] === Deploying to 'nicholas-fray'...
[info] 
[info] i  deploying hosting
[info] i  hosting: preparing ./ directory for upload...
[debug] [2018-07-25T15:20:04.870Z] >>> HTTP REQUEST PUT https://deploy.firebase.com/v1/hosting/nicholas-fray/uploads/-LIH0d8UyX8RGwvWVNXl?fileCount=472&message=  
  
 Wed Jul 25 2018 10:20:04 GMT-0500 (CDT)
